
> frontend@0.0.0 build
> ng build

[33m❯[39m Building...
[32m✔[39m Building...
Application bundle generation failed. [9.877 seconds] - 2026-03-24T06:50:55.049Z

[1m[33m[33m▲ [43;33m[[43;30mWARNING[43;33m][0m [1mUnexpected "<"[0m [1m[35m[plugin angular-compiler][0m [css-syntax-error]

    src/app/pages/explore-map/explore-map.css:1:0:
[37m      1 │ [32m<[37m<<<<<< HEAD
        ╵ [32m^[0m


[33m▲ [43;33m[[43;30mWARNING[43;33m][0m [1mUnexpected "="[0m [1m[35m[plugin angular-compiler][0m [css-syntax-error]

    src/app/pages/explore-map/explore-map.css:34:0:
[37m      34 │ [32m=[37m======
         ╵ [32m^[0m


[33m▲ [43;33m[[43;30mWARNING[43;33m][0m [1mExpected identifier but found ">"[0m [1m[35m[plugin angular-compiler][0m [css-syntax-error]

    src/app/pages/explore-map/explore-map.css:94:0:
[37m      94 │ [32m>[37m>>>>>> 3411dac (Feat: Implement Leaflet interactive maps, GeoJSON...
         ╵ [32m^[0m


[33m▲ [43;33m[[43;30mWARNING[43;33m][0m [1mExpected "}" to go with "{"[0m [1m[35m[plugin angular-compiler][0m [css-syntax-error]

    src/app/pages/explore-map/explore-map.css:96:0:
[37m      96 │ [32m[37m
         │ [32m^[37m
         ╵ [32m}[0m

  The unbalanced "{" is here:

    src/app/pages/explore-map/explore-map.css:29:42:
[37m      29 │ :host ::ng-deep .leaflet-control-zoom-out [32m{[37m
         ╵                                           [32m^[0m

[39m[22m
[1m[31m[31mX [41;31m[[41;97mERROR[41;31m][0m [1mNG5002: Unexpected closing tag "div". It may happen when the tag has already been closed by another tag. For more info see https://www.w3.org/TR/html5/syntax.html#closing-elements-that-have-implied-end-tags[0m [1m[35m[plugin angular-compiler][0m

    src/app/pages/explore-map/explore-map.html:54:6:
[37m      54 │       [32m</div>[37m
         ╵       [32m~~~~~~[0m

  Error occurs in the template of component ExploreMap.

    src/app/pages/explore-map/explore-map.ts:20:15:
[37m      20 │   templateUrl: [32m'./explore-map.html'[37m,
         ╵                [32m~~~~~~~~~~~~~~~~~~~~[0m


[31mX [41;31m[[41;97mERROR[41;31m][0m [1mTS1185: Merge conflict marker encountered.[0m [1m[35m[plugin angular-compiler][0m

    src/app/pages/explore-map/explore-map.ts:0:0:
[37m      0 │ [32m[37m
        ╵ [32m^[0m


[31mX [41;31m[[41;97mERROR[41;31m][0m [1mTS2307: Cannot find module 'leaflet' or its corresponding type declarations.[0m [1m[35m[plugin angular-compiler][0m

    src/app/pages/explore-map/explore-map.ts:6:19:
[37m      6 │ import * as L from [32m'leaflet'[37m;
        ╵                    [32m~~~~~~~~~[0m


[31mX [41;31m[[41;97mERROR[41;31m][0m [1mTS1185: Merge conflict marker encountered.[0m [1m[35m[plugin angular-compiler][0m

    src/app/pages/explore-map/explore-map.ts:7:0:
[37m      7 │ [32m=======[37m
        ╵ [32m~~~~~~~[0m


[31mX [41;31m[[41;97mERROR[41;31m][0m [1mTS1185: Merge conflict marker encountered.[0m [1m[35m[plugin angular-compiler][0m

    src/app/pages/explore-map/explore-map.ts:14:0:
[37m      14 │ [32m>>>>>>>[37m 3411dac (Feat: Implement Leaflet interactive maps, GeoJSON...
         ╵ [32m~~~~~~~[0m


[31mX [41;31m[[41;97mERROR[41;31m][0m [1mTS1185: Merge conflict marker encountered.[0m [1m[35m[plugin angular-compiler][0m

    src/app/pages/explore-map/explore-map.ts:23:0:
[37m      23 │ [32m<<<<<<<[37m HEAD
         ╵ [32m~~~~~~~[0m


[31mX [41;31m[[41;97mERROR[41;31m][0m [1mTS1185: Merge conflict marker encountered.[0m [1m[35m[plugin angular-compiler][0m

    src/app/pages/explore-map/explore-map.ts:27:0:
[37m      27 │ [32m=======[37m
         ╵ [32m~~~~~~~[0m


[31mX [41;31m[[41;97mERROR[41;31m][0m [1mTS1185: Merge conflict marker encountered.[0m [1m[35m[plugin angular-compiler][0m

    src/app/pages/explore-map/explore-map.ts:31:0:
[37m      31 │ [32m>>>>>>>[37m 3411dac (Feat: Implement Leaflet interactive maps, GeoJSON...
         ╵ [32m~~~~~~~[0m


[31mX [41;31m[[41;97mERROR[41;31m][0m [1mTS2304: Cannot find name 'signal'.[0m [1m[35m[plugin angular-compiler][0m

    src/app/pages/explore-map/explore-map.ts:39:21:
[37m      39 │   selectedCategory = [32msignal[37m<'All' | 'Local Eatery' | 'Heritage Sit...
         ╵                      [32m~~~~~~[0m


[31mX [41;31m[[41;97mERROR[41;31m][0m [1mTS2304: Cannot find name 'signal'.[0m [1m[35m[plugin angular-compiler][0m

    src/app/pages/explore-map/explore-map.ts:40:17:
[37m      40 │   isFilterOpen = [32msignal[37m(false);
         ╵                  [32m~~~~~~[0m


[31mX [41;31m[[41;97mERROR[41;31m][0m [1mTS2393: Duplicate function implementation.[0m [1m[35m[plugin angular-compiler][0m

    src/app/pages/explore-map/explore-map.ts:42:2:
[37m      42 │   [32mngOnInit[37m() {}
         ╵   [32m~~~~~~~~[0m


[31mX [41;31m[[41;97mERROR[41;31m][0m [1mTS1185: Merge conflict marker encountered.[0m [1m[35m[plugin angular-compiler][0m

    src/app/pages/explore-map/explore-map.ts:44:0:
[37m      44 │ [32m<<<<<<<[37m HEAD
         ╵ [32m~~~~~~~[0m


[31mX [41;31m[[41;97mERROR[41;31m][0m [1mTS2300: Duplicate identifier 'map'.[0m [1m[35m[plugin angular-compiler][0m

    src/app/pages/explore-map/explore-map.ts:45:10:
[37m      45 │   private [32mmap[37m?: L.Map;
         ╵           [32m~~~[0m


[31mX [41;31m[[41;97mERROR[41;31m][0m [1mTS2393: Duplicate function implementation.[0m [1m[35m[plugin angular-compiler][0m

    src/app/pages/explore-map/explore-map.ts:48:2:
[37m      48 │   [32mngOnInit[37m(): void {
         ╵   [32m~~~~~~~~[0m


[31mX [41;31m[[41;97mERROR[41;31m][0m [1mTS2339: Property 'lat' does not exist on type '[number, number] | { lat: number; lng: number; }'.[0m [1m[35m[plugin angular-compiler][0m

    src/app/pages/explore-map/explore-map.ts:88:16:
[37m      88 │         const { [32mlat[37m, lng } = vendor.location.coordinates;
         ╵                 [32m~~~[0m


[31mX [41;31m[[41;97mERROR[41;31m][0m [1mTS2339: Property 'lng' does not exist on type '[number, number] | { lat: number; lng: number; }'.[0m [1m[35m[plugin angular-compiler][0m

    src/app/pages/explore-map/explore-map.ts:88:21:
[37m      88 │         const { lat, [32mlng[37m } = vendor.location.coordinates;
         ╵                      [32m~~~[0m


[31mX [41;31m[[41;97mERROR[41;31m][0m [1mTS1185: Merge conflict marker encountered.[0m [1m[35m[plugin angular-compiler][0m

    src/app/pages/explore-map/explore-map.ts:126:0:
[37m      126 │ [32m=======[37m
          ╵ [32m~~~~~~~[0m


[31mX [41;31m[[41;97mERROR[41;31m][0m [1mTS1185: Merge conflict marker encountered.[0m [1m[35m[plugin angular-compiler][0m

    src/app/pages/explore-map/explore-map.ts:281:0:
[37m      281 │ [32m>>>>>>>[37m 3411dac (Feat: Implement Leaflet interactive maps, GeoJSO...
          ╵ [32m~~~~~~~[0m


[31mX [41;31m[[41;97mERROR[41;31m][0m [1mTS1185: Merge conflict marker encountered.[0m [1m[35m[plugin angular-compiler][0m

    src/app/pages/home/home.ts:97:0:
[37m      97 │ [32m<<<<<<<[37m HEAD
         ╵ [32m~~~~~~~[0m


[31mX [41;31m[[41;97mERROR[41;31m][0m [1mTS1185: Merge conflict marker encountered.[0m [1m[35m[plugin angular-compiler][0m

    src/app/pages/home/home.ts:103:0:
[37m      103 │ [32m=======[37m
          ╵ [32m~~~~~~~[0m


[31mX [41;31m[[41;97mERROR[41;31m][0m [1mTS1185: Merge conflict marker encountered.[0m [1m[35m[plugin angular-compiler][0m

    src/app/pages/home/home.ts:109:0:
[37m      109 │ [32m>>>>>>>[37m 3411dac (Feat: Implement Leaflet interactive maps, GeoJSO...
          ╵ [32m~~~~~~~[0m


[31mX [41;31m[[41;97mERROR[41;31m][0m [1mTS2307: Cannot find module 'leaflet' or its corresponding type declarations.[0m [1m[35m[plugin angular-compiler][0m

    src/app/pages/submit-listing/submit-listing.ts:7:19:
[37m      7 │ import * as L from [32m'leaflet'[37m;
        ╵                    [32m~~~~~~~~~[0m


[31mX [41;31m[[41;97mERROR[41;31m][0m [1mTS2307: Cannot find module 'leaflet' or its corresponding type declarations.[0m [1m[35m[plugin angular-compiler][0m

    src/app/pages/vendor-detail/vendor-detail.ts:7:19:
[37m      7 │ import * as L from [32m'leaflet'[37m;
        ╵                    [32m~~~~~~~~~[0m


[31mX [41;31m[[41;97mERROR[41;31m][0m [1mTS1185: Merge conflict marker encountered.[0m [1m[35m[plugin angular-compiler][0m

    src/app/services/vendor.ts:99:0:
[37m      99 │ [32m<<<<<<<[37m HEAD
         ╵ [32m~~~~~~~[0m


[31mX [41;31m[[41;97mERROR[41;31m][0m [1mTS1185: Merge conflict marker encountered.[0m [1m[35m[plugin angular-compiler][0m

    src/app/services/vendor.ts:101:0:
[37m      101 │ [32m=======[37m
          ╵ [32m~~~~~~~[0m


[31mX [41;31m[[41;97mERROR[41;31m][0m [1mTS1185: Merge conflict marker encountered.[0m [1m[35m[plugin angular-compiler][0m

    src/app/services/vendor.ts:103:0:
[37m      103 │ [32m>>>>>>>[37m 3411dac (Feat: Implement Leaflet interactive maps, GeoJSO...
          ╵ [32m~~~~~~~[0m


[31mX [41;31m[[41;97mERROR[41;31m][0m [1mUnexpected "<<"[0m

    src/app/pages/explore-map/explore-map.ts:1:0:
[37m      1 │ [32m<<[37m<<<<< HEAD
        ╵ [32m~~[0m


[31mX [41;31m[[41;97mERROR[41;31m][0m [1mCould not resolve "leaflet"[0m

    src/app/pages/submit-listing/submit-listing.ts:7:19:
[37m      7 │ import * as L from [32m'leaflet'[37m;
        ╵                    [32m~~~~~~~~~[0m

  You can mark the path "leaflet" as external to exclude it from the bundle, which will remove this error and leave the unresolved path in the bundle.


[31mX [41;31m[[41;97mERROR[41;31m][0m [1mCould not resolve "leaflet"[0m

    src/app/pages/vendor-detail/vendor-detail.ts:7:19:
[37m      7 │ import * as L from [32m'leaflet'[37m;
        ╵                    [32m~~~~~~~~~[0m

  You can mark the path "leaflet" as external to exclude it from the bundle, which will remove this error and leave the unresolved path in the bundle.


[31mX [41;31m[[41;97mERROR[41;31m][0m [1mCould not resolve "leaflet/dist/leaflet.css"[0m

    src/styles.css:1:8:
[37m      1 │ @import [32m"leaflet/dist/leaflet.css"[37m;
        ╵         [32m~~~~~~~~~~~~~~~~~~~~~~~~~~[0m

  You can mark the path "leaflet/dist/leaflet.css" as external to exclude it from the bundle, which will remove this error and leave the unresolved path in the bundle.


[31mX [41;31m[[41;97mERROR[41;31m][0m [1mCould not resolve "node_modules/leaflet/dist/leaflet.css"[0m

    angular:styles/global:styles:1:8:
[37m      1 │ @import [32m'node_modules/leaflet/dist/leaflet.css'[37m;
        ╵         [32m~~~~~~~~~~~~~~~~~~~~~~~~~~~~~~~~~~~~~~~[0m

  You can mark the path "node_modules/leaflet/dist/leaflet.css" as external to exclude it from the bundle, which will remove this error and leave the unresolved path in the bundle.

[39m[22m
